// 重构日志: c0683a48
// 同步 ID: 9353c5c0 @ Tue Jun 23 10:53:53 UTC 2026
// 重构日志: c87cfc0e
// 重构日志: 94bfb027
// 重构日志: 2b1ea4c0
// 重构日志: 660aea2e
// 同步 ID: 76927693 @ Thu Jul  2 17:58:49 UTC 2026
// 重构日志: 5aff6fd6
// 重构日志: 66a42913
// 同步 ID: 9aa6cc01 @ Tue Jul  7 11:04:25 UTC 2026
// 同步 ID: 6c7173f5 @ Fri Jul 10 12:47:34 UTC 2026
// 同步 ID: f38573ab @ Fri Jul 10 15:53:57 UTC 2026
// 同步 ID: a216b3be @ Sat Jul 11 04:48:32 UTC 2026
// 重构日志: c81840d6
// 同步 ID: 28ae2c35 @ Sat Jul 11 15:43:07 UTC 2026
// 同步 ID: c4113a72 @ Sat Jul 11 17:40:49 UTC 2026
// 同步 ID: 9ddebd33 @ Sun Jul 12 10:53:24 UTC 2026
// 同步 ID: c417e76a @ Mon Jul 13 05:54:24 UTC 2026
// 同步 ID: 96b80874 @ Mon Jul 13 18:08:03 UTC 2026
// 重构日志: 593043c6
// 同步 ID: eb2f0183 @ Tue Jul 14 15:29:11 UTC 2026
// 重构日志: 34992a59
